生成启动时间为 2014/12/26 9:38:53。
     1>项目“D:\Program Files (x86)\vs project\NumberEncrypt\NumberEncrypt\NumberEncrypt.vcxproj”在节点 2 上(Build 个目标)。
     1>ClCompile:
         D:\Program Files (x86)\Microsoft Visual Studio 11.0\VC\bin\CL.exe /c /I"D:\Program Files\MySQL\MySQL Server 5.6\include" /ZI /nologo /W3 /WX- /Od /Oy- /D WIN32 /D _DEBUG /D _CONSOLE /D _UNICODE /D UNICODE /Gm /EHsc /RTC1 /MDd /GS /fp:precise /Zc:wchar_t /Zc:forScope /Fo"Debug\\" /Fd"Debug\vc110.pdb" /Gd /TP /analyze- /errorReport:prompt NumberEncrypt.cpp main.cpp
         main.cpp
         NumberEncrypt.cpp
     1>d:\program files (x86)\vs project\numberencrypt\numberencrypt\numberencrypt.cpp(106): warning C4244: “初始化”: 从“my_ulonglong”转换到“int”，可能丢失数据
     1>d:\program files (x86)\vs project\numberencrypt\numberencrypt\numberencrypt.cpp(122): warning C4018: “<”: 有符号/无符号不匹配
         正在生成代码...
       Link:
         D:\Program Files (x86)\Microsoft Visual Studio 11.0\VC\bin\link.exe /ERRORREPORT:PROMPT /OUT:"D:\Program Files (x86)\vs project\NumberEncrypt\Debug\NumberEncrypt.exe" /INCREMENTAL /NOLOGO /LIBPATH:"D:\Program Files\MySQL\MySQL Server 5.6\lib" libmysql.lib kernel32.lib user32.lib gdi32.lib winspool.lib comdlg32.lib advapi32.lib shell32.lib ole32.lib oleaut32.lib uuid.lib odbc32.lib odbccp32.lib /MANIFEST /MANIFESTUAC:"level='asInvoker' uiAccess='false'" /manifest:embed /DEBUG /PDB:"D:\Program Files (x86)\vs project\NumberEncrypt\Debug\NumberEncrypt.pdb" /SUBSYSTEM:CONSOLE /TLBID:1 /DYNAMICBASE /NXCOMPAT /IMPLIB:"D:\Program Files (x86)\vs project\NumberEncrypt\Debug\NumberEncrypt.lib" /MACHINE:X86 Debug\main.obj
         Debug\NumberEncrypt.obj
     1>NumberEncrypt.obj : error LNK2019: 无法解析的外部符号 _mysql_server_init@12，该符号在函数 "public: static void __cdecl NumberEncrypt::connectDB(void)" (?connectDB@NumberEncrypt@@SAXXZ) 中被引用
     1>NumberEncrypt.obj : error LNK2019: 无法解析的外部符号 _mysql_server_end@0，该符号在函数 "public: static void __cdecl NumberEncrypt::connectDB(void)" (?connectDB@NumberEncrypt@@SAXXZ) 中被引用
     1>NumberEncrypt.obj : error LNK2019: 无法解析的外部符号 _mysql_num_rows@4，该符号在函数 "public: static void __cdecl NumberEncrypt::connectDB(void)" (?connectDB@NumberEncrypt@@SAXXZ) 中被引用
     1>NumberEncrypt.obj : error LNK2019: 无法解析的外部符号 _mysql_num_fields@4，该符号在函数 "public: static void __cdecl NumberEncrypt::connectDB(void)" (?connectDB@NumberEncrypt@@SAXXZ) 中被引用
     1>NumberEncrypt.obj : error LNK2019: 无法解析的外部符号 _mysql_fetch_field_direct@8，该符号在函数 "public: static void __cdecl NumberEncrypt::connectDB(void)" (?connectDB@NumberEncrypt@@SAXXZ) 中被引用
     1>NumberEncrypt.obj : error LNK2019: 无法解析的外部符号 _mysql_init@4，该符号在函数 "public: static void __cdecl NumberEncrypt::connectDB(void)" (?connectDB@NumberEncrypt@@SAXXZ) 中被引用
     1>NumberEncrypt.obj : error LNK2019: 无法解析的外部符号 _mysql_real_connect@32，该符号在函数 "public: static void __cdecl NumberEncrypt::connectDB(void)" (?connectDB@NumberEncrypt@@SAXXZ) 中被引用
     1>NumberEncrypt.obj : error LNK2019: 无法解析的外部符号 _mysql_query@8，该符号在函数 "public: static void __cdecl NumberEncrypt::connectDB(void)" (?connectDB@NumberEncrypt@@SAXXZ) 中被引用
     1>NumberEncrypt.obj : error LNK2019: 无法解析的外部符号 _mysql_store_result@4，该符号在函数 "public: static void __cdecl NumberEncrypt::connectDB(void)" (?connectDB@NumberEncrypt@@SAXXZ) 中被引用
     1>NumberEncrypt.obj : error LNK2019: 无法解析的外部符号 _mysql_options@12，该符号在函数 "public: static void __cdecl NumberEncrypt::connectDB(void)" (?connectDB@NumberEncrypt@@SAXXZ) 中被引用
     1>NumberEncrypt.obj : error LNK2019: 无法解析的外部符号 _mysql_free_result@4，该符号在函数 "public: static void __cdecl NumberEncrypt::connectDB(void)" (?connectDB@NumberEncrypt@@SAXXZ) 中被引用
     1>NumberEncrypt.obj : error LNK2019: 无法解析的外部符号 _mysql_fetch_row@4，该符号在函数 "public: static void __cdecl NumberEncrypt::connectDB(void)" (?connectDB@NumberEncrypt@@SAXXZ) 中被引用
     1>NumberEncrypt.obj : error LNK2019: 无法解析的外部符号 _mysql_close@4，该符号在函数 "public: static void __cdecl NumberEncrypt::connectDB(void)" (?connectDB@NumberEncrypt@@SAXXZ) 中被引用
     1>D:\Program Files (x86)\vs project\NumberEncrypt\Debug\NumberEncrypt.exe : fatal error LNK1120: 13 个无法解析的外部命令
     1>已完成生成项目“D:\Program Files (x86)\vs project\NumberEncrypt\NumberEncrypt\NumberEncrypt.vcxproj”(Build 个目标)的操作 - 失败。

生成失败。

已用时间 00:00:09.49
